


ARM Macro Assembler    Page 1 


    1 00000000         ;******************** (C) COPYRIGHT 2016 STMicroelectron
                       ics ********************
    2 00000000         ;* File Name          : startup_stm32f401xc.s
    3 00000000         ;* Author             : MCD Application Team
    4 00000000         ;* Version            : V2.6.0
    5 00000000         ;* Date               : 04-November-2016
    6 00000000         ;* Description        : STM32F401xc devices vector table
                        for MDK-ARM toolchain. 
    7 00000000         ;*                      This module performs:
    8 00000000         ;*                      - Set the initial SP
    9 00000000         ;*                      - Set the initial PC == Reset_Ha
                       ndler
   10 00000000         ;*                      - Set the vector table entries w
                       ith the exceptions ISR address
   11 00000000         ;*                      - Branches to __main in the C li
                       brary (which eventually
   12 00000000         ;*                        calls main()).
   13 00000000         ;*                      After Reset the CortexM4 process
                       or is in Thread mode,
   14 00000000         ;*                      priority is Privileged, and the 
                       Stack is set to Main.
   15 00000000         ;* <<< Use Configuration Wizard in Context Menu >>>   
   16 00000000         ;*******************************************************
                       ************************
   17 00000000         ; 
   18 00000000         ;* Redistribution and use in source and binary forms, wi
                       th or without modification,
   19 00000000         ;* are permitted provided that the following conditions 
                       are met:
   20 00000000         ;*   1. Redistributions of source code must retain the a
                       bove copyright notice,
   21 00000000         ;*      this list of conditions and the following discla
                       imer.
   22 00000000         ;*   2. Redistributions in binary form must reproduce th
                       e above copyright notice,
   23 00000000         ;*      this list of conditions and the following discla
                       imer in the documentation
   24 00000000         ;*      and/or other materials provided with the distrib
                       ution.
   25 00000000         ;*   3. Neither the name of STMicroelectronics nor the n
                       ames of its contributors
   26 00000000         ;*      may be used to endorse or promote products deriv
                       ed from this software
   27 00000000         ;*      without specific prior written permission.
   28 00000000         ;*
   29 00000000         ;* THIS SOFTWARE IS PROVIDED BY THE COPYRIGHT HOLDERS AN
                       D CONTRIBUTORS "AS IS"
   30 00000000         ;* AND ANY EXPRESS OR IMPLIED WARRANTIES, INCLUDING, BUT
                        NOT LIMITED TO, THE
   31 00000000         ;* IMPLIED WARRANTIES OF MERCHANTABILITY AND FITNESS FOR
                        A PARTICULAR PURPOSE ARE
   32 00000000         ;* DISCLAIMED. IN NO EVENT SHALL THE COPYRIGHT HOLDER OR
                        CONTRIBUTORS BE LIABLE
   33 00000000         ;* FOR ANY DIRECT, INDIRECT, INCIDENTAL, SPECIAL, EXEMPL
                       ARY, OR CONSEQUENTIAL
   34 00000000         ;* DAMAGES (INCLUDING, BUT NOT LIMITED TO, PROCUREMENT O
                       F SUBSTITUTE GOODS OR
   35 00000000         ;* SERVICES; LOSS OF USE, DATA, OR PROFITS; OR BUSINESS 
                       INTERRUPTION) HOWEVER



ARM Macro Assembler    Page 2 


   36 00000000         ;* CAUSED AND ON ANY THEORY OF LIABILITY, WHETHER IN CON
                       TRACT, STRICT LIABILITY,
   37 00000000         ;* OR TORT (INCLUDING NEGLIGENCE OR OTHERWISE) ARISING I
                       N ANY WAY OUT OF THE USE
   38 00000000         ;* OF THIS SOFTWARE, EVEN IF ADVISED OF THE POSSIBILITY 
                       OF SUCH DAMAGE.
   39 00000000         ; 
   40 00000000         ;*******************************************************
                       ************************
   41 00000000         
   42 00000000         ; Amount of memory (in bytes) allocated for Stack
   43 00000000         ; Tailor this value to your application needs
   44 00000000         ; <h> Stack Configuration
   45 00000000         ;   <o> Stack Size (in Bytes) <0x0-0xFFFFFFFF:8>
   46 00000000         ; </h>
   47 00000000         
   48 00000000 00000400 
                       Stack_Size
                               EQU              0x00000400
   49 00000000         
   50 00000000                 AREA             STACK, NOINIT, READWRITE, ALIGN
=3
   51 00000000         Stack_Mem
                               SPACE            Stack_Size
   52 00000400         __initial_sp
   53 00000400         
   54 00000400         
   55 00000400         ; <h> Heap Configuration
   56 00000400         ;   <o>  Heap Size (in Bytes) <0x0-0xFFFFFFFF:8>
   57 00000400         ; </h>
   58 00000400         
   59 00000400 00000200 
                       Heap_Size
                               EQU              0x00000200
   60 00000400         
   61 00000400                 AREA             HEAP, NOINIT, READWRITE, ALIGN=
3
   62 00000000         __heap_base
   63 00000000         Heap_Mem
                               SPACE            Heap_Size
   64 00000200         __heap_limit
   65 00000200         
   66 00000200                 PRESERVE8
   67 00000200                 THUMB
   68 00000200         
   69 00000200         
   70 00000200         ; Vector Table Mapped to Address 0 at Reset
   71 00000200                 AREA             RESET, DATA, READONLY
   72 00000000                 EXPORT           __Vectors
   73 00000000                 EXPORT           __Vectors_End
   74 00000000                 EXPORT           __Vectors_Size
   75 00000000         
   76 00000000 00000000 
                       __Vectors
                               DCD              __initial_sp ; Top of Stack
   77 00000004 00000000        DCD              Reset_Handler ; Reset Handler
   78 00000008 00000000        DCD              NMI_Handler ; NMI Handler
   79 0000000C 00000000        DCD              HardFault_Handler ; Hard Fault 
                                                            Handler



ARM Macro Assembler    Page 3 


   80 00000010 00000000        DCD              MemManage_Handler 
                                                            ; MPU Fault Handler
                                                            
   81 00000014 00000000        DCD              BusFault_Handler 
                                                            ; Bus Fault Handler
                                                            
   82 00000018 00000000        DCD              UsageFault_Handler ; Usage Faul
                                                            t Handler
   83 0000001C 00000000        DCD              0           ; Reserved
   84 00000020 00000000        DCD              0           ; Reserved
   85 00000024 00000000        DCD              0           ; Reserved
   86 00000028 00000000        DCD              0           ; Reserved
   87 0000002C 00000000        DCD              SVC_Handler ; SVCall Handler
   88 00000030 00000000        DCD              DebugMon_Handler ; Debug Monito
                                                            r Handler
   89 00000034 00000000        DCD              0           ; Reserved
   90 00000038 00000000        DCD              PendSV_Handler ; PendSV Handler
                                                            
   91 0000003C 00000000        DCD              SysTick_Handler 
                                                            ; SysTick Handler
   92 00000040         
   93 00000040         ; External Interrupts
   94 00000040 00000000        DCD              WWDG_IRQHandler ; Window WatchD
                                                            og                 
                                                                               
                                                                
   95 00000044 00000000        DCD              PVD_IRQHandler ; PVD through EX
                                                            TI Line detection  
                                                                               
                                                               
   96 00000048 00000000        DCD              TAMP_STAMP_IRQHandler ; Tamper 
                                                            and TimeStamps thro
                                                            ugh the EXTI line  
                                                                      
   97 0000004C 00000000        DCD              RTC_WKUP_IRQHandler ; RTC Wakeu
                                                            p through the EXTI 
                                                            line               
                                                                    
   98 00000050 00000000        DCD              FLASH_IRQHandler ; FLASH       
                                                                               
                                                                             
   99 00000054 00000000        DCD              RCC_IRQHandler ; RCC           
                                                                               
                                                                           
  100 00000058 00000000        DCD              EXTI0_IRQHandler ; EXTI Line0  
                                                                               
                                                                               
                                                                 
  101 0000005C 00000000        DCD              EXTI1_IRQHandler ; EXTI Line1  
                                                                               
                                                                               
                                                                 
  102 00000060 00000000        DCD              EXTI2_IRQHandler ; EXTI Line2  
                                                                               
                                                                               
                                                                 
  103 00000064 00000000        DCD              EXTI3_IRQHandler ; EXTI Line3  
                                                                               
                                                                               



ARM Macro Assembler    Page 4 


                                                                 
  104 00000068 00000000        DCD              EXTI4_IRQHandler ; EXTI Line4  
                                                                               
                                                                               
                                                                 
  105 0000006C 00000000        DCD              DMA1_Stream0_IRQHandler ; DMA1 
                                                            Stream 0           
                                                                               
                                                                 
  106 00000070 00000000        DCD              DMA1_Stream1_IRQHandler ; DMA1 
                                                            Stream 1           
                                                                               
                                                                 
  107 00000074 00000000        DCD              DMA1_Stream2_IRQHandler ; DMA1 
                                                            Stream 2           
                                                                               
                                                                 
  108 00000078 00000000        DCD              DMA1_Stream3_IRQHandler ; DMA1 
                                                            Stream 3           
                                                                               
                                                                 
  109 0000007C 00000000        DCD              DMA1_Stream4_IRQHandler ; DMA1 
                                                            Stream 4           
                                                                               
                                                                 
  110 00000080 00000000        DCD              DMA1_Stream5_IRQHandler ; DMA1 
                                                            Stream 5           
                                                                               
                                                                 
  111 00000084 00000000        DCD              DMA1_Stream6_IRQHandler ; DMA1 
                                                            Stream 6           
                                                                               
                                                                 
  112 00000088 00000000        DCD              ADC_IRQHandler ; ADC1, ADC2 and
                                                             ADC3s             
                                                                           
  113 0000008C 00000000        DCD              0           ; Reserved         
                                                                               
                                                                               
                                                             
  114 00000090 00000000        DCD              0           ; Reserved         
                                                                               
                                                                               
                                                            
  115 00000094 00000000        DCD              0           ; Reserved         
                                                                               
                                                                             
  116 00000098 00000000        DCD              0           ; Reserved         
                                                                               
                                                                               
                                                            
  117 0000009C 00000000        DCD              EXTI9_5_IRQHandler ; External L
                                                            ine[9:5]s          
                                                                               
                                                                   
  118 000000A0 00000000        DCD              TIM1_BRK_TIM9_IRQHandler ; TIM1
                                                             Break and TIM9    
                                                                           
  119 000000A4 00000000        DCD              TIM1_UP_TIM10_IRQHandler ; TIM1



ARM Macro Assembler    Page 5 


                                                             Update and TIM10  
                                                                           
  120 000000A8 00000000        DCD              TIM1_TRG_COM_TIM11_IRQHandler ;
                                                             TIM1 Trigger and C
                                                            ommutation and TIM1
                                                            1
  121 000000AC 00000000        DCD              TIM1_CC_IRQHandler ; TIM1 Captu
                                                            re Compare         
                                                                               
                                                                   
  122 000000B0 00000000        DCD              TIM2_IRQHandler ; TIM2         
                                                                               
                                                                            
  123 000000B4 00000000        DCD              TIM3_IRQHandler ; TIM3         
                                                                               
                                                                            
  124 000000B8 00000000        DCD              TIM4_IRQHandler ; TIM4         
                                                                               
                                                                            
  125 000000BC 00000000        DCD              I2C1_EV_IRQHandler ; I2C1 Event
                                                                               
                                                                               
                                                                   
  126 000000C0 00000000        DCD              I2C1_ER_IRQHandler ; I2C1 Error
                                                                               
                                                                               
                                                                   
  127 000000C4 00000000        DCD              I2C2_EV_IRQHandler ; I2C2 Event
                                                                               
                                                                               
                                                                   
  128 000000C8 00000000        DCD              I2C2_ER_IRQHandler ; I2C2 Error
                                                                               
                                                                               
                                                                     
  129 000000CC 00000000        DCD              SPI1_IRQHandler ; SPI1         
                                                                               
                                                                            
  130 000000D0 00000000        DCD              SPI2_IRQHandler ; SPI2         
                                                                               
                                                                            
  131 000000D4 00000000        DCD              USART1_IRQHandler ; USART1     
                                                                               
                                                                              
  132 000000D8 00000000        DCD              USART2_IRQHandler ; USART2     
                                                                               
                                                                              
  133 000000DC 00000000        DCD              0           ; Reserved         
                                                                               
                                                                          
  134 000000E0 00000000        DCD              EXTI15_10_IRQHandler ; External
                                                             Line[15:10]s      
                                                                               
                                                                     
  135 000000E4 00000000        DCD              RTC_Alarm_IRQHandler ; RTC Alar
                                                            m (A and B) through
                                                             EXTI Line         
                                                                     
  136 000000E8 00000000        DCD              OTG_FS_WKUP_IRQHandler ; USB OT



ARM Macro Assembler    Page 6 


                                                            G FS Wakeup through
                                                             EXTI line         
                                                                           
  137 000000EC 00000000        DCD              0           ; Reserved         
                                                                     
  138 000000F0 00000000        DCD              0           ; Reserved         
                                                                    
  139 000000F4 00000000        DCD              0           ; Reserved
  140 000000F8 00000000        DCD              0           ; Reserved         
                                                                               
                                                                   
  141 000000FC 00000000        DCD              DMA1_Stream7_IRQHandler ; DMA1 
                                                            Stream7            
                                                                               
                                                                        
  142 00000100 00000000        DCD              0           ; Reserved         
                                                                               
                                                                             
  143 00000104 00000000        DCD              SDIO_IRQHandler ; SDIO         
                                                                               
                                                                            
  144 00000108 00000000        DCD              TIM5_IRQHandler ; TIM5         
                                                                               
                                                                            
  145 0000010C 00000000        DCD              SPI3_IRQHandler ; SPI3         
                                                                               
                                                                            
  146 00000110 00000000        DCD              0           ; Reserved         
                                                                               
                                                                           
  147 00000114 00000000        DCD              0           ; Reserved         
                                                                               
                                                                           
  148 00000118 00000000        DCD              0           ; Reserved         
                                                                      
  149 0000011C 00000000        DCD              0           ; Reserved         
                                                                      
  150 00000120 00000000        DCD              DMA2_Stream0_IRQHandler ; DMA2 
                                                            Stream 0           
                                                                               
                                                                 
  151 00000124 00000000        DCD              DMA2_Stream1_IRQHandler ; DMA2 
                                                            Stream 1           
                                                                               
                                                                 
  152 00000128 00000000        DCD              DMA2_Stream2_IRQHandler ; DMA2 
                                                            Stream 2           
                                                                               
                                                                 
  153 0000012C 00000000        DCD              DMA2_Stream3_IRQHandler ; DMA2 
                                                            Stream 3           
                                                                               
                                                                 
  154 00000130 00000000        DCD              DMA2_Stream4_IRQHandler 
                                                            ; DMA2 Stream 4
  155 00000134 00000000        DCD              0           ; Reserved  
  156 00000138 00000000        DCD              0           ; Reserved  
  157 0000013C 00000000        DCD              0           ; Reserved         
                                                                               



ARM Macro Assembler    Page 7 


                                                                              
  158 00000140 00000000        DCD              0           ; Reserved         
                                                                               
                                                                               
                                                            
  159 00000144 00000000        DCD              0           ; Reserved         
                                                                               
                                                                               
                                                            
  160 00000148 00000000        DCD              0           ; Reserved         
                                                                               
                                                                               
                                                            
  161 0000014C 00000000        DCD              OTG_FS_IRQHandler ; USB OTG FS 
                                                                               
                                                                              
  162 00000150 00000000        DCD              DMA2_Stream5_IRQHandler ; DMA2 
                                                            Stream 5           
                                                                               
                                                                 
  163 00000154 00000000        DCD              DMA2_Stream6_IRQHandler ; DMA2 
                                                            Stream 6           
                                                                               
                                                                 
  164 00000158 00000000        DCD              DMA2_Stream7_IRQHandler ; DMA2 
                                                            Stream 7           
                                                                               
                                                                 
  165 0000015C 00000000        DCD              USART6_IRQHandler ; USART6     
                                                                               
                                                                               
                                                            
  166 00000160 00000000        DCD              I2C3_EV_IRQHandler ; I2C3 event
                                                                               
                                                                               
                                                                   
  167 00000164 00000000        DCD              I2C3_ER_IRQHandler ; I2C3 error
                                                                               
                                                                               
                                                                   
  168 00000168 00000000        DCD              0           ; Reserved         
                                                                        
  169 0000016C 00000000        DCD              0           ; Reserved         
                                                                          
  170 00000170 00000000        DCD              0           ; Reserved         
                                                                            
  171 00000174 00000000        DCD              0           ; Reserved         
                                                                               
                                                                    
  172 00000178 00000000        DCD              0           ; Reserved  
  173 0000017C 00000000        DCD              0           ; Reserved         
                                                                               
                                                                  
  174 00000180 00000000        DCD              0           ; Reserved
  175 00000184 00000000        DCD              FPU_IRQHandler ; FPU
  176 00000188 00000000        DCD              0           ; Reserved
  177 0000018C 00000000        DCD              0           ; Reserved
  178 00000190 00000000        DCD              SPI4_IRQHandler ; SPI4
  179 00000194         



ARM Macro Assembler    Page 8 


  180 00000194         __Vectors_End
  181 00000194         
  182 00000194 00000194 
                       __Vectors_Size
                               EQU              __Vectors_End - __Vectors
  183 00000194         
  184 00000194                 AREA             |.text|, CODE, READONLY
  185 00000000         
  186 00000000         ; Reset handler
  187 00000000         Reset_Handler
                               PROC
  188 00000000                 EXPORT           Reset_Handler             [WEAK
]
  189 00000000                 IMPORT           system_init
  190 00000000                 IMPORT           main
  191 00000000         
  192 00000000 480B            LDR              R0, =system_init
  193 00000002 4780            BLX              R0
  194 00000004 480B            LDR              R0, =main
  195 00000006 4700            BX               R0
  196 00000008                 ENDP
  197 00000008         
  198 00000008         ; Dummy Exception Handlers (infinite loops which can be 
                       modified)
  199 00000008         
  200 00000008         NMI_Handler
                               PROC
  201 00000008                 EXPORT           NMI_Handler                [WEA
K]
  202 00000008 E7FE            B                .
  203 0000000A                 ENDP
  205 0000000A         HardFault_Handler
                               PROC
  206 0000000A                 EXPORT           HardFault_Handler          [WEA
K]
  207 0000000A E7FE            B                .
  208 0000000C 4808            LDR              R0, =system_init
  209 0000000E 4780            BLX              R0
  210 00000010 4808            LDR              R0, =main
  211 00000012 4700            BX               R0
  212 00000014                 ENDP
  214 00000014         MemManage_Handler
                               PROC
  215 00000014                 EXPORT           MemManage_Handler          [WEA
K]
  216 00000014 E7FE            B                .
  217 00000016                 ENDP
  219 00000016         BusFault_Handler
                               PROC
  220 00000016                 EXPORT           BusFault_Handler           [WEA
K]
  221 00000016 E7FE            B                .
  222 00000018                 ENDP
  224 00000018         UsageFault_Handler
                               PROC
  225 00000018                 EXPORT           UsageFault_Handler         [WEA
K]
  226 00000018 E7FE            B                .
  227 0000001A                 ENDP



ARM Macro Assembler    Page 9 


  228 0000001A         SVC_Handler
                               PROC
  229 0000001A                 EXPORT           SVC_Handler                [WEA
K]
  230 0000001A E7FE            B                .
  231 0000001C                 ENDP
  233 0000001C         DebugMon_Handler
                               PROC
  234 0000001C                 EXPORT           DebugMon_Handler           [WEA
K]
  235 0000001C E7FE            B                .
  236 0000001E                 ENDP
  237 0000001E         PendSV_Handler
                               PROC
  238 0000001E                 EXPORT           PendSV_Handler             [WEA
K]
  239 0000001E E7FE            B                .
  240 00000020                 ENDP
  241 00000020         SysTick_Handler
                               PROC
  242 00000020                 EXPORT           SysTick_Handler            [WEA
K]
  243 00000020 E7FE            B                .
  244 00000022                 ENDP
  245 00000022         
  246 00000022         Default_Handler
                               PROC
  247 00000022         
  248 00000022                 EXPORT           WWDG_IRQHandler                
   [WEAK]
  249 00000022                 EXPORT           PVD_IRQHandler                 
   [WEAK]
  250 00000022                 EXPORT           TAMP_STAMP_IRQHandler          
   [WEAK]
  251 00000022                 EXPORT           RTC_WKUP_IRQHandler            
   [WEAK]
  252 00000022                 EXPORT           FLASH_IRQHandler               
   [WEAK]
  253 00000022                 EXPORT           RCC_IRQHandler                 
   [WEAK]
  254 00000022                 EXPORT           EXTI0_IRQHandler               
   [WEAK]
  255 00000022                 EXPORT           EXTI1_IRQHandler               
   [WEAK]
  256 00000022                 EXPORT           EXTI2_IRQHandler               
   [WEAK]
  257 00000022                 EXPORT           EXTI3_IRQHandler               
   [WEAK]
  258 00000022                 EXPORT           EXTI4_IRQHandler               
   [WEAK]
  259 00000022                 EXPORT           DMA1_Stream0_IRQHandler        
   [WEAK]
  260 00000022                 EXPORT           DMA1_Stream1_IRQHandler        
   [WEAK]
  261 00000022                 EXPORT           DMA1_Stream2_IRQHandler        
   [WEAK]
  262 00000022                 EXPORT           DMA1_Stream3_IRQHandler        
   [WEAK]
  263 00000022                 EXPORT           DMA1_Stream4_IRQHandler        



ARM Macro Assembler    Page 10 


   [WEAK]
  264 00000022                 EXPORT           DMA1_Stream5_IRQHandler        
   [WEAK]
  265 00000022                 EXPORT           DMA1_Stream6_IRQHandler        
   [WEAK]
  266 00000022                 EXPORT           ADC_IRQHandler                 
   [WEAK]
  267 00000022                 EXPORT           EXTI9_5_IRQHandler             
   [WEAK]
  268 00000022                 EXPORT           TIM1_BRK_TIM9_IRQHandler       
   [WEAK]
  269 00000022                 EXPORT           TIM1_UP_TIM10_IRQHandler       
   [WEAK]
  270 00000022                 EXPORT           TIM1_TRG_COM_TIM11_IRQHandler  
   [WEAK]
  271 00000022                 EXPORT           TIM1_CC_IRQHandler             
   [WEAK]
  272 00000022                 EXPORT           TIM2_IRQHandler                
   [WEAK]
  273 00000022                 EXPORT           TIM3_IRQHandler                
   [WEAK]
  274 00000022                 EXPORT           TIM4_IRQHandler                
   [WEAK]
  275 00000022                 EXPORT           I2C1_EV_IRQHandler             
   [WEAK]
  276 00000022                 EXPORT           I2C1_ER_IRQHandler             
   [WEAK]
  277 00000022                 EXPORT           I2C2_EV_IRQHandler             
   [WEAK]
  278 00000022                 EXPORT           I2C2_ER_IRQHandler             
   [WEAK]
  279 00000022                 EXPORT           SPI1_IRQHandler                
   [WEAK]
  280 00000022                 EXPORT           SPI2_IRQHandler                
   [WEAK]
  281 00000022                 EXPORT           USART1_IRQHandler              
   [WEAK]
  282 00000022                 EXPORT           USART2_IRQHandler              
   [WEAK]
  283 00000022                 EXPORT           EXTI15_10_IRQHandler           
   [WEAK]
  284 00000022                 EXPORT           RTC_Alarm_IRQHandler           
   [WEAK]
  285 00000022                 EXPORT           OTG_FS_WKUP_IRQHandler         
   [WEAK]
  286 00000022                 EXPORT           DMA1_Stream7_IRQHandler        
   [WEAK]
  287 00000022                 EXPORT           SDIO_IRQHandler                
   [WEAK]
  288 00000022                 EXPORT           TIM5_IRQHandler                
   [WEAK]
  289 00000022                 EXPORT           SPI3_IRQHandler                
   [WEAK]
  290 00000022                 EXPORT           DMA2_Stream0_IRQHandler        
   [WEAK]
  291 00000022                 EXPORT           DMA2_Stream1_IRQHandler        
   [WEAK]
  292 00000022                 EXPORT           DMA2_Stream2_IRQHandler        
   [WEAK]



ARM Macro Assembler    Page 11 


  293 00000022                 EXPORT           DMA2_Stream3_IRQHandler        
   [WEAK]
  294 00000022                 EXPORT           DMA2_Stream4_IRQHandler        
   [WEAK]
  295 00000022                 EXPORT           OTG_FS_IRQHandler              
   [WEAK]
  296 00000022                 EXPORT           DMA2_Stream5_IRQHandler        
   [WEAK]
  297 00000022                 EXPORT           DMA2_Stream6_IRQHandler        
   [WEAK]
  298 00000022                 EXPORT           DMA2_Stream7_IRQHandler        
   [WEAK]
  299 00000022                 EXPORT           USART6_IRQHandler              
   [WEAK]
  300 00000022                 EXPORT           I2C3_EV_IRQHandler             
   [WEAK]
  301 00000022                 EXPORT           I2C3_ER_IRQHandler             
   [WEAK]
  302 00000022                 EXPORT           FPU_IRQHandler                 
   [WEAK]
  303 00000022                 EXPORT           SPI4_IRQHandler                
   [WEAK]
  304 00000022         
  305 00000022         WWDG_IRQHandler
  306 00000022         PVD_IRQHandler
  307 00000022         TAMP_STAMP_IRQHandler
  308 00000022         RTC_WKUP_IRQHandler
  309 00000022         FLASH_IRQHandler
  310 00000022         RCC_IRQHandler
  311 00000022         EXTI0_IRQHandler
  312 00000022         EXTI1_IRQHandler
  313 00000022         EXTI2_IRQHandler
  314 00000022         EXTI3_IRQHandler
  315 00000022         EXTI4_IRQHandler
  316 00000022         DMA1_Stream0_IRQHandler
  317 00000022         DMA1_Stream1_IRQHandler
  318 00000022         DMA1_Stream2_IRQHandler
  319 00000022         DMA1_Stream3_IRQHandler
  320 00000022         DMA1_Stream4_IRQHandler
  321 00000022         DMA1_Stream5_IRQHandler
  322 00000022         DMA1_Stream6_IRQHandler
  323 00000022         ADC_IRQHandler
  324 00000022         EXTI9_5_IRQHandler
  325 00000022         TIM1_BRK_TIM9_IRQHandler
  326 00000022         TIM1_UP_TIM10_IRQHandler
  327 00000022         TIM1_TRG_COM_TIM11_IRQHandler
  328 00000022         TIM1_CC_IRQHandler
  329 00000022         TIM2_IRQHandler
  330 00000022         TIM3_IRQHandler
  331 00000022         TIM4_IRQHandler
  332 00000022         I2C1_EV_IRQHandler
  333 00000022         I2C1_ER_IRQHandler
  334 00000022         I2C2_EV_IRQHandler
  335 00000022         I2C2_ER_IRQHandler
  336 00000022         SPI1_IRQHandler
  337 00000022         SPI2_IRQHandler
  338 00000022         USART1_IRQHandler
  339 00000022         USART2_IRQHandler
  340 00000022         EXTI15_10_IRQHandler



ARM Macro Assembler    Page 12 


  341 00000022         RTC_Alarm_IRQHandler
  342 00000022         OTG_FS_WKUP_IRQHandler
  343 00000022         DMA1_Stream7_IRQHandler
  344 00000022         SDIO_IRQHandler
  345 00000022         TIM5_IRQHandler
  346 00000022         SPI3_IRQHandler
  347 00000022         DMA2_Stream0_IRQHandler
  348 00000022         DMA2_Stream1_IRQHandler
  349 00000022         DMA2_Stream2_IRQHandler
  350 00000022         DMA2_Stream3_IRQHandler
  351 00000022         DMA2_Stream4_IRQHandler
  352 00000022         OTG_FS_IRQHandler
  353 00000022         DMA2_Stream5_IRQHandler
  354 00000022         DMA2_Stream6_IRQHandler
  355 00000022         DMA2_Stream7_IRQHandler
  356 00000022         USART6_IRQHandler
  357 00000022         I2C3_EV_IRQHandler
  358 00000022         I2C3_ER_IRQHandler
  359 00000022         FPU_IRQHandler
  360 00000022         SPI4_IRQHandler
  361 00000022         
  362 00000022 E7FE            B                .
  363 00000024         
  364 00000024                 ENDP
  365 00000024         
  366 00000024                 ALIGN
  367 00000024         
  368 00000024         ;*******************************************************
                       ************************
  369 00000024         ; User Stack and Heap initialization
  370 00000024         ;*******************************************************
                       ************************
  371 00000024                 IF               :DEF:__MICROLIB
  378 00000024         
  379 00000024                 IMPORT           __use_two_region_memory
  380 00000024                 EXPORT           __user_initial_stackheap
  381 00000024         
  382 00000024         __user_initial_stackheap
  383 00000024         
  384 00000024 4804            LDR              R0, =  Heap_Mem
  385 00000026 4905            LDR              R1, =(Stack_Mem + Stack_Size)
  386 00000028 4A05            LDR              R2, = (Heap_Mem +  Heap_Size)
  387 0000002A 4B06            LDR              R3, = Stack_Mem
  388 0000002C 4770            BX               LR
  389 0000002E         
  390 0000002E 00 00           ALIGN
  391 00000030         
  392 00000030                 ENDIF
  393 00000030         
  394 00000030                 END
              00000000 
              00000000 
              00000000 
              00000400 
              00000200 
              00000000 
Command Line: --debug --xref --diag_suppress=9931 --cpu=Cortex-M4.fp --apcs=int
erwork --depend=.\objects\startup_stm32f401xc.d -o.\objects\startup_stm32f401xc
.o -I.\RTE\_Target_1 -IE:\Keil_pack\ARM\CMSIS\5.0.1\CMSIS\Include -IE:\Keil_pac



ARM Macro Assembler    Page 13 


k\Keil\STM32F4xx_DFP\2.11.0\Drivers\CMSIS\Device\ST\STM32F4xx\Include --predefi
ne="__EVAL SETA 1" --predefine="__UVISION_VERSION SETA 524" --predefine="_RTE_ 
SETA 1" --predefine="STM32F401xC SETA 1" --list=.\listings\startup_stm32f401xc.
lst RTE\Device\STM32F401CCUx\startup_stm32f401xc.s



ARM Macro Assembler    Page 1 Alphabetic symbol ordering
Relocatable symbols

STACK 00000000

Symbol: STACK
   Definitions
      At line 50 in file RTE\Device\STM32F401CCUx\startup_stm32f401xc.s
   Uses
      None
Comment: STACK unused
Stack_Mem 00000000

Symbol: Stack_Mem
   Definitions
      At line 51 in file RTE\Device\STM32F401CCUx\startup_stm32f401xc.s
   Uses
      At line 385 in file RTE\Device\STM32F401CCUx\startup_stm32f401xc.s
      At line 387 in file RTE\Device\STM32F401CCUx\startup_stm32f401xc.s

__initial_sp 00000400

Symbol: __initial_sp
   Definitions
      At line 52 in file RTE\Device\STM32F401CCUx\startup_stm32f401xc.s
   Uses
      At line 76 in file RTE\Device\STM32F401CCUx\startup_stm32f401xc.s
Comment: __initial_sp used once
3 symbols



ARM Macro Assembler    Page 1 Alphabetic symbol ordering
Relocatable symbols

HEAP 00000000

Symbol: HEAP
   Definitions
      At line 61 in file RTE\Device\STM32F401CCUx\startup_stm32f401xc.s
   Uses
      None
Comment: HEAP unused
Heap_Mem 00000000

Symbol: Heap_Mem
   Definitions
      At line 63 in file RTE\Device\STM32F401CCUx\startup_stm32f401xc.s
   Uses
      At line 384 in file RTE\Device\STM32F401CCUx\startup_stm32f401xc.s
      At line 386 in file RTE\Device\STM32F401CCUx\startup_stm32f401xc.s

__heap_base 00000000

Symbol: __heap_base
   Definitions
      At line 62 in file RTE\Device\STM32F401CCUx\startup_stm32f401xc.s
   Uses
      None
Comment: __heap_base unused
__heap_limit 00000200

Symbol: __heap_limit
   Definitions
      At line 64 in file RTE\Device\STM32F401CCUx\startup_stm32f401xc.s
   Uses
      None
Comment: __heap_limit unused
4 symbols



ARM Macro Assembler    Page 1 Alphabetic symbol ordering
Relocatable symbols

RESET 00000000

Symbol: RESET
   Definitions
      At line 71 in file RTE\Device\STM32F401CCUx\startup_stm32f401xc.s
   Uses
      None
Comment: RESET unused
__Vectors 00000000

Symbol: __Vectors
   Definitions
      At line 76 in file RTE\Device\STM32F401CCUx\startup_stm32f401xc.s
   Uses
      At line 72 in file RTE\Device\STM32F401CCUx\startup_stm32f401xc.s
      At line 182 in file RTE\Device\STM32F401CCUx\startup_stm32f401xc.s

__Vectors_End 00000194

Symbol: __Vectors_End
   Definitions
      At line 180 in file RTE\Device\STM32F401CCUx\startup_stm32f401xc.s
   Uses
      At line 73 in file RTE\Device\STM32F401CCUx\startup_stm32f401xc.s
      At line 182 in file RTE\Device\STM32F401CCUx\startup_stm32f401xc.s

3 symbols



ARM Macro Assembler    Page 1 Alphabetic symbol ordering
Relocatable symbols

.text 00000000

Symbol: .text
   Definitions
      At line 184 in file RTE\Device\STM32F401CCUx\startup_stm32f401xc.s
   Uses
      None
Comment: .text unused
ADC_IRQHandler 00000022

Symbol: ADC_IRQHandler
   Definitions
      At line 323 in file RTE\Device\STM32F401CCUx\startup_stm32f401xc.s
   Uses
      At line 112 in file RTE\Device\STM32F401CCUx\startup_stm32f401xc.s
      At line 266 in file RTE\Device\STM32F401CCUx\startup_stm32f401xc.s

BusFault_Handler 00000016

Symbol: BusFault_Handler
   Definitions
      At line 219 in file RTE\Device\STM32F401CCUx\startup_stm32f401xc.s
   Uses
      At line 81 in file RTE\Device\STM32F401CCUx\startup_stm32f401xc.s
      At line 220 in file RTE\Device\STM32F401CCUx\startup_stm32f401xc.s

DMA1_Stream0_IRQHandler 00000022

Symbol: DMA1_Stream0_IRQHandler
   Definitions
      At line 316 in file RTE\Device\STM32F401CCUx\startup_stm32f401xc.s
   Uses
      At line 105 in file RTE\Device\STM32F401CCUx\startup_stm32f401xc.s
      At line 259 in file RTE\Device\STM32F401CCUx\startup_stm32f401xc.s

DMA1_Stream1_IRQHandler 00000022

Symbol: DMA1_Stream1_IRQHandler
   Definitions
      At line 317 in file RTE\Device\STM32F401CCUx\startup_stm32f401xc.s
   Uses
      At line 106 in file RTE\Device\STM32F401CCUx\startup_stm32f401xc.s
      At line 260 in file RTE\Device\STM32F401CCUx\startup_stm32f401xc.s

DMA1_Stream2_IRQHandler 00000022

Symbol: DMA1_Stream2_IRQHandler
   Definitions
      At line 318 in file RTE\Device\STM32F401CCUx\startup_stm32f401xc.s
   Uses
      At line 107 in file RTE\Device\STM32F401CCUx\startup_stm32f401xc.s
      At line 261 in file RTE\Device\STM32F401CCUx\startup_stm32f401xc.s

DMA1_Stream3_IRQHandler 00000022

Symbol: DMA1_Stream3_IRQHandler
   Definitions
      At line 319 in file RTE\Device\STM32F401CCUx\startup_stm32f401xc.s
   Uses



ARM Macro Assembler    Page 2 Alphabetic symbol ordering
Relocatable symbols

      At line 108 in file RTE\Device\STM32F401CCUx\startup_stm32f401xc.s
      At line 262 in file RTE\Device\STM32F401CCUx\startup_stm32f401xc.s

DMA1_Stream4_IRQHandler 00000022

Symbol: DMA1_Stream4_IRQHandler
   Definitions
      At line 320 in file RTE\Device\STM32F401CCUx\startup_stm32f401xc.s
   Uses
      At line 109 in file RTE\Device\STM32F401CCUx\startup_stm32f401xc.s
      At line 263 in file RTE\Device\STM32F401CCUx\startup_stm32f401xc.s

DMA1_Stream5_IRQHandler 00000022

Symbol: DMA1_Stream5_IRQHandler
   Definitions
      At line 321 in file RTE\Device\STM32F401CCUx\startup_stm32f401xc.s
   Uses
      At line 110 in file RTE\Device\STM32F401CCUx\startup_stm32f401xc.s
      At line 264 in file RTE\Device\STM32F401CCUx\startup_stm32f401xc.s

DMA1_Stream6_IRQHandler 00000022

Symbol: DMA1_Stream6_IRQHandler
   Definitions
      At line 322 in file RTE\Device\STM32F401CCUx\startup_stm32f401xc.s
   Uses
      At line 111 in file RTE\Device\STM32F401CCUx\startup_stm32f401xc.s
      At line 265 in file RTE\Device\STM32F401CCUx\startup_stm32f401xc.s

DMA1_Stream7_IRQHandler 00000022

Symbol: DMA1_Stream7_IRQHandler
   Definitions
      At line 343 in file RTE\Device\STM32F401CCUx\startup_stm32f401xc.s
   Uses
      At line 141 in file RTE\Device\STM32F401CCUx\startup_stm32f401xc.s
      At line 286 in file RTE\Device\STM32F401CCUx\startup_stm32f401xc.s

DMA2_Stream0_IRQHandler 00000022

Symbol: DMA2_Stream0_IRQHandler
   Definitions
      At line 347 in file RTE\Device\STM32F401CCUx\startup_stm32f401xc.s
   Uses
      At line 150 in file RTE\Device\STM32F401CCUx\startup_stm32f401xc.s
      At line 290 in file RTE\Device\STM32F401CCUx\startup_stm32f401xc.s

DMA2_Stream1_IRQHandler 00000022

Symbol: DMA2_Stream1_IRQHandler
   Definitions
      At line 348 in file RTE\Device\STM32F401CCUx\startup_stm32f401xc.s
   Uses
      At line 151 in file RTE\Device\STM32F401CCUx\startup_stm32f401xc.s
      At line 291 in file RTE\Device\STM32F401CCUx\startup_stm32f401xc.s

DMA2_Stream2_IRQHandler 00000022




ARM Macro Assembler    Page 3 Alphabetic symbol ordering
Relocatable symbols

Symbol: DMA2_Stream2_IRQHandler
   Definitions
      At line 349 in file RTE\Device\STM32F401CCUx\startup_stm32f401xc.s
   Uses
      At line 152 in file RTE\Device\STM32F401CCUx\startup_stm32f401xc.s
      At line 292 in file RTE\Device\STM32F401CCUx\startup_stm32f401xc.s

DMA2_Stream3_IRQHandler 00000022

Symbol: DMA2_Stream3_IRQHandler
   Definitions
      At line 350 in file RTE\Device\STM32F401CCUx\startup_stm32f401xc.s
   Uses
      At line 153 in file RTE\Device\STM32F401CCUx\startup_stm32f401xc.s
      At line 293 in file RTE\Device\STM32F401CCUx\startup_stm32f401xc.s

DMA2_Stream4_IRQHandler 00000022

Symbol: DMA2_Stream4_IRQHandler
   Definitions
      At line 351 in file RTE\Device\STM32F401CCUx\startup_stm32f401xc.s
   Uses
      At line 154 in file RTE\Device\STM32F401CCUx\startup_stm32f401xc.s
      At line 294 in file RTE\Device\STM32F401CCUx\startup_stm32f401xc.s

DMA2_Stream5_IRQHandler 00000022

Symbol: DMA2_Stream5_IRQHandler
   Definitions
      At line 353 in file RTE\Device\STM32F401CCUx\startup_stm32f401xc.s
   Uses
      At line 162 in file RTE\Device\STM32F401CCUx\startup_stm32f401xc.s
      At line 296 in file RTE\Device\STM32F401CCUx\startup_stm32f401xc.s

DMA2_Stream6_IRQHandler 00000022

Symbol: DMA2_Stream6_IRQHandler
   Definitions
      At line 354 in file RTE\Device\STM32F401CCUx\startup_stm32f401xc.s
   Uses
      At line 163 in file RTE\Device\STM32F401CCUx\startup_stm32f401xc.s
      At line 297 in file RTE\Device\STM32F401CCUx\startup_stm32f401xc.s

DMA2_Stream7_IRQHandler 00000022

Symbol: DMA2_Stream7_IRQHandler
   Definitions
      At line 355 in file RTE\Device\STM32F401CCUx\startup_stm32f401xc.s
   Uses
      At line 164 in file RTE\Device\STM32F401CCUx\startup_stm32f401xc.s
      At line 298 in file RTE\Device\STM32F401CCUx\startup_stm32f401xc.s

DebugMon_Handler 0000001C

Symbol: DebugMon_Handler
   Definitions
      At line 233 in file RTE\Device\STM32F401CCUx\startup_stm32f401xc.s
   Uses
      At line 88 in file RTE\Device\STM32F401CCUx\startup_stm32f401xc.s



ARM Macro Assembler    Page 4 Alphabetic symbol ordering
Relocatable symbols

      At line 234 in file RTE\Device\STM32F401CCUx\startup_stm32f401xc.s

Default_Handler 00000022

Symbol: Default_Handler
   Definitions
      At line 246 in file RTE\Device\STM32F401CCUx\startup_stm32f401xc.s
   Uses
      None
Comment: Default_Handler unused
EXTI0_IRQHandler 00000022

Symbol: EXTI0_IRQHandler
   Definitions
      At line 311 in file RTE\Device\STM32F401CCUx\startup_stm32f401xc.s
   Uses
      At line 100 in file RTE\Device\STM32F401CCUx\startup_stm32f401xc.s
      At line 254 in file RTE\Device\STM32F401CCUx\startup_stm32f401xc.s

EXTI15_10_IRQHandler 00000022

Symbol: EXTI15_10_IRQHandler
   Definitions
      At line 340 in file RTE\Device\STM32F401CCUx\startup_stm32f401xc.s
   Uses
      At line 134 in file RTE\Device\STM32F401CCUx\startup_stm32f401xc.s
      At line 283 in file RTE\Device\STM32F401CCUx\startup_stm32f401xc.s

EXTI1_IRQHandler 00000022

Symbol: EXTI1_IRQHandler
   Definitions
      At line 312 in file RTE\Device\STM32F401CCUx\startup_stm32f401xc.s
   Uses
      At line 101 in file RTE\Device\STM32F401CCUx\startup_stm32f401xc.s
      At line 255 in file RTE\Device\STM32F401CCUx\startup_stm32f401xc.s

EXTI2_IRQHandler 00000022

Symbol: EXTI2_IRQHandler
   Definitions
      At line 313 in file RTE\Device\STM32F401CCUx\startup_stm32f401xc.s
   Uses
      At line 102 in file RTE\Device\STM32F401CCUx\startup_stm32f401xc.s
      At line 256 in file RTE\Device\STM32F401CCUx\startup_stm32f401xc.s

EXTI3_IRQHandler 00000022

Symbol: EXTI3_IRQHandler
   Definitions
      At line 314 in file RTE\Device\STM32F401CCUx\startup_stm32f401xc.s
   Uses
      At line 103 in file RTE\Device\STM32F401CCUx\startup_stm32f401xc.s
      At line 257 in file RTE\Device\STM32F401CCUx\startup_stm32f401xc.s

EXTI4_IRQHandler 00000022

Symbol: EXTI4_IRQHandler
   Definitions



ARM Macro Assembler    Page 5 Alphabetic symbol ordering
Relocatable symbols

      At line 315 in file RTE\Device\STM32F401CCUx\startup_stm32f401xc.s
   Uses
      At line 104 in file RTE\Device\STM32F401CCUx\startup_stm32f401xc.s
      At line 258 in file RTE\Device\STM32F401CCUx\startup_stm32f401xc.s

EXTI9_5_IRQHandler 00000022

Symbol: EXTI9_5_IRQHandler
   Definitions
      At line 324 in file RTE\Device\STM32F401CCUx\startup_stm32f401xc.s
   Uses
      At line 117 in file RTE\Device\STM32F401CCUx\startup_stm32f401xc.s
      At line 267 in file RTE\Device\STM32F401CCUx\startup_stm32f401xc.s

FLASH_IRQHandler 00000022

Symbol: FLASH_IRQHandler
   Definitions
      At line 309 in file RTE\Device\STM32F401CCUx\startup_stm32f401xc.s
   Uses
      At line 98 in file RTE\Device\STM32F401CCUx\startup_stm32f401xc.s
      At line 252 in file RTE\Device\STM32F401CCUx\startup_stm32f401xc.s

FPU_IRQHandler 00000022

Symbol: FPU_IRQHandler
   Definitions
      At line 359 in file RTE\Device\STM32F401CCUx\startup_stm32f401xc.s
   Uses
      At line 175 in file RTE\Device\STM32F401CCUx\startup_stm32f401xc.s
      At line 302 in file RTE\Device\STM32F401CCUx\startup_stm32f401xc.s

HardFault_Handler 0000000A

Symbol: HardFault_Handler
   Definitions
      At line 205 in file RTE\Device\STM32F401CCUx\startup_stm32f401xc.s
   Uses
      At line 79 in file RTE\Device\STM32F401CCUx\startup_stm32f401xc.s
      At line 206 in file RTE\Device\STM32F401CCUx\startup_stm32f401xc.s

I2C1_ER_IRQHandler 00000022

Symbol: I2C1_ER_IRQHandler
   Definitions
      At line 333 in file RTE\Device\STM32F401CCUx\startup_stm32f401xc.s
   Uses
      At line 126 in file RTE\Device\STM32F401CCUx\startup_stm32f401xc.s
      At line 276 in file RTE\Device\STM32F401CCUx\startup_stm32f401xc.s

I2C1_EV_IRQHandler 00000022

Symbol: I2C1_EV_IRQHandler
   Definitions
      At line 332 in file RTE\Device\STM32F401CCUx\startup_stm32f401xc.s
   Uses
      At line 125 in file RTE\Device\STM32F401CCUx\startup_stm32f401xc.s
      At line 275 in file RTE\Device\STM32F401CCUx\startup_stm32f401xc.s




ARM Macro Assembler    Page 6 Alphabetic symbol ordering
Relocatable symbols

I2C2_ER_IRQHandler 00000022

Symbol: I2C2_ER_IRQHandler
   Definitions
      At line 335 in file RTE\Device\STM32F401CCUx\startup_stm32f401xc.s
   Uses
      At line 128 in file RTE\Device\STM32F401CCUx\startup_stm32f401xc.s
      At line 278 in file RTE\Device\STM32F401CCUx\startup_stm32f401xc.s

I2C2_EV_IRQHandler 00000022

Symbol: I2C2_EV_IRQHandler
   Definitions
      At line 334 in file RTE\Device\STM32F401CCUx\startup_stm32f401xc.s
   Uses
      At line 127 in file RTE\Device\STM32F401CCUx\startup_stm32f401xc.s
      At line 277 in file RTE\Device\STM32F401CCUx\startup_stm32f401xc.s

I2C3_ER_IRQHandler 00000022

Symbol: I2C3_ER_IRQHandler
   Definitions
      At line 358 in file RTE\Device\STM32F401CCUx\startup_stm32f401xc.s
   Uses
      At line 167 in file RTE\Device\STM32F401CCUx\startup_stm32f401xc.s
      At line 301 in file RTE\Device\STM32F401CCUx\startup_stm32f401xc.s

I2C3_EV_IRQHandler 00000022

Symbol: I2C3_EV_IRQHandler
   Definitions
      At line 357 in file RTE\Device\STM32F401CCUx\startup_stm32f401xc.s
   Uses
      At line 166 in file RTE\Device\STM32F401CCUx\startup_stm32f401xc.s
      At line 300 in file RTE\Device\STM32F401CCUx\startup_stm32f401xc.s

MemManage_Handler 00000014

Symbol: MemManage_Handler
   Definitions
      At line 214 in file RTE\Device\STM32F401CCUx\startup_stm32f401xc.s
   Uses
      At line 80 in file RTE\Device\STM32F401CCUx\startup_stm32f401xc.s
      At line 215 in file RTE\Device\STM32F401CCUx\startup_stm32f401xc.s

NMI_Handler 00000008

Symbol: NMI_Handler
   Definitions
      At line 200 in file RTE\Device\STM32F401CCUx\startup_stm32f401xc.s
   Uses
      At line 78 in file RTE\Device\STM32F401CCUx\startup_stm32f401xc.s
      At line 201 in file RTE\Device\STM32F401CCUx\startup_stm32f401xc.s

OTG_FS_IRQHandler 00000022

Symbol: OTG_FS_IRQHandler
   Definitions
      At line 352 in file RTE\Device\STM32F401CCUx\startup_stm32f401xc.s



ARM Macro Assembler    Page 7 Alphabetic symbol ordering
Relocatable symbols

   Uses
      At line 161 in file RTE\Device\STM32F401CCUx\startup_stm32f401xc.s
      At line 295 in file RTE\Device\STM32F401CCUx\startup_stm32f401xc.s

OTG_FS_WKUP_IRQHandler 00000022

Symbol: OTG_FS_WKUP_IRQHandler
   Definitions
      At line 342 in file RTE\Device\STM32F401CCUx\startup_stm32f401xc.s
   Uses
      At line 136 in file RTE\Device\STM32F401CCUx\startup_stm32f401xc.s
      At line 285 in file RTE\Device\STM32F401CCUx\startup_stm32f401xc.s

PVD_IRQHandler 00000022

Symbol: PVD_IRQHandler
   Definitions
      At line 306 in file RTE\Device\STM32F401CCUx\startup_stm32f401xc.s
   Uses
      At line 95 in file RTE\Device\STM32F401CCUx\startup_stm32f401xc.s
      At line 249 in file RTE\Device\STM32F401CCUx\startup_stm32f401xc.s

PendSV_Handler 0000001E

Symbol: PendSV_Handler
   Definitions
      At line 237 in file RTE\Device\STM32F401CCUx\startup_stm32f401xc.s
   Uses
      At line 90 in file RTE\Device\STM32F401CCUx\startup_stm32f401xc.s
      At line 238 in file RTE\Device\STM32F401CCUx\startup_stm32f401xc.s

RCC_IRQHandler 00000022

Symbol: RCC_IRQHandler
   Definitions
      At line 310 in file RTE\Device\STM32F401CCUx\startup_stm32f401xc.s
   Uses
      At line 99 in file RTE\Device\STM32F401CCUx\startup_stm32f401xc.s
      At line 253 in file RTE\Device\STM32F401CCUx\startup_stm32f401xc.s

RTC_Alarm_IRQHandler 00000022

Symbol: RTC_Alarm_IRQHandler
   Definitions
      At line 341 in file RTE\Device\STM32F401CCUx\startup_stm32f401xc.s
   Uses
      At line 135 in file RTE\Device\STM32F401CCUx\startup_stm32f401xc.s
      At line 284 in file RTE\Device\STM32F401CCUx\startup_stm32f401xc.s

RTC_WKUP_IRQHandler 00000022

Symbol: RTC_WKUP_IRQHandler
   Definitions
      At line 308 in file RTE\Device\STM32F401CCUx\startup_stm32f401xc.s
   Uses
      At line 97 in file RTE\Device\STM32F401CCUx\startup_stm32f401xc.s
      At line 251 in file RTE\Device\STM32F401CCUx\startup_stm32f401xc.s

Reset_Handler 00000000



ARM Macro Assembler    Page 8 Alphabetic symbol ordering
Relocatable symbols


Symbol: Reset_Handler
   Definitions
      At line 187 in file RTE\Device\STM32F401CCUx\startup_stm32f401xc.s
   Uses
      At line 77 in file RTE\Device\STM32F401CCUx\startup_stm32f401xc.s
      At line 188 in file RTE\Device\STM32F401CCUx\startup_stm32f401xc.s

SDIO_IRQHandler 00000022

Symbol: SDIO_IRQHandler
   Definitions
      At line 344 in file RTE\Device\STM32F401CCUx\startup_stm32f401xc.s
   Uses
      At line 143 in file RTE\Device\STM32F401CCUx\startup_stm32f401xc.s
      At line 287 in file RTE\Device\STM32F401CCUx\startup_stm32f401xc.s

SPI1_IRQHandler 00000022

Symbol: SPI1_IRQHandler
   Definitions
      At line 336 in file RTE\Device\STM32F401CCUx\startup_stm32f401xc.s
   Uses
      At line 129 in file RTE\Device\STM32F401CCUx\startup_stm32f401xc.s
      At line 279 in file RTE\Device\STM32F401CCUx\startup_stm32f401xc.s

SPI2_IRQHandler 00000022

Symbol: SPI2_IRQHandler
   Definitions
      At line 337 in file RTE\Device\STM32F401CCUx\startup_stm32f401xc.s
   Uses
      At line 130 in file RTE\Device\STM32F401CCUx\startup_stm32f401xc.s
      At line 280 in file RTE\Device\STM32F401CCUx\startup_stm32f401xc.s

SPI3_IRQHandler 00000022

Symbol: SPI3_IRQHandler
   Definitions
      At line 346 in file RTE\Device\STM32F401CCUx\startup_stm32f401xc.s
   Uses
      At line 145 in file RTE\Device\STM32F401CCUx\startup_stm32f401xc.s
      At line 289 in file RTE\Device\STM32F401CCUx\startup_stm32f401xc.s

SPI4_IRQHandler 00000022

Symbol: SPI4_IRQHandler
   Definitions
      At line 360 in file RTE\Device\STM32F401CCUx\startup_stm32f401xc.s
   Uses
      At line 178 in file RTE\Device\STM32F401CCUx\startup_stm32f401xc.s
      At line 303 in file RTE\Device\STM32F401CCUx\startup_stm32f401xc.s

SVC_Handler 0000001A

Symbol: SVC_Handler
   Definitions
      At line 228 in file RTE\Device\STM32F401CCUx\startup_stm32f401xc.s
   Uses



ARM Macro Assembler    Page 9 Alphabetic symbol ordering
Relocatable symbols

      At line 87 in file RTE\Device\STM32F401CCUx\startup_stm32f401xc.s
      At line 229 in file RTE\Device\STM32F401CCUx\startup_stm32f401xc.s

SysTick_Handler 00000020

Symbol: SysTick_Handler
   Definitions
      At line 241 in file RTE\Device\STM32F401CCUx\startup_stm32f401xc.s
   Uses
      At line 91 in file RTE\Device\STM32F401CCUx\startup_stm32f401xc.s
      At line 242 in file RTE\Device\STM32F401CCUx\startup_stm32f401xc.s

TAMP_STAMP_IRQHandler 00000022

Symbol: TAMP_STAMP_IRQHandler
   Definitions
      At line 307 in file RTE\Device\STM32F401CCUx\startup_stm32f401xc.s
   Uses
      At line 96 in file RTE\Device\STM32F401CCUx\startup_stm32f401xc.s
      At line 250 in file RTE\Device\STM32F401CCUx\startup_stm32f401xc.s

TIM1_BRK_TIM9_IRQHandler 00000022

Symbol: TIM1_BRK_TIM9_IRQHandler
   Definitions
      At line 325 in file RTE\Device\STM32F401CCUx\startup_stm32f401xc.s
   Uses
      At line 118 in file RTE\Device\STM32F401CCUx\startup_stm32f401xc.s
      At line 268 in file RTE\Device\STM32F401CCUx\startup_stm32f401xc.s

TIM1_CC_IRQHandler 00000022

Symbol: TIM1_CC_IRQHandler
   Definitions
      At line 328 in file RTE\Device\STM32F401CCUx\startup_stm32f401xc.s
   Uses
      At line 121 in file RTE\Device\STM32F401CCUx\startup_stm32f401xc.s
      At line 271 in file RTE\Device\STM32F401CCUx\startup_stm32f401xc.s

TIM1_TRG_COM_TIM11_IRQHandler 00000022

Symbol: TIM1_TRG_COM_TIM11_IRQHandler
   Definitions
      At line 327 in file RTE\Device\STM32F401CCUx\startup_stm32f401xc.s
   Uses
      At line 120 in file RTE\Device\STM32F401CCUx\startup_stm32f401xc.s
      At line 270 in file RTE\Device\STM32F401CCUx\startup_stm32f401xc.s

TIM1_UP_TIM10_IRQHandler 00000022

Symbol: TIM1_UP_TIM10_IRQHandler
   Definitions
      At line 326 in file RTE\Device\STM32F401CCUx\startup_stm32f401xc.s
   Uses
      At line 119 in file RTE\Device\STM32F401CCUx\startup_stm32f401xc.s
      At line 269 in file RTE\Device\STM32F401CCUx\startup_stm32f401xc.s

TIM2_IRQHandler 00000022




ARM Macro Assembler    Page 10 Alphabetic symbol ordering
Relocatable symbols

Symbol: TIM2_IRQHandler
   Definitions
      At line 329 in file RTE\Device\STM32F401CCUx\startup_stm32f401xc.s
   Uses
      At line 122 in file RTE\Device\STM32F401CCUx\startup_stm32f401xc.s
      At line 272 in file RTE\Device\STM32F401CCUx\startup_stm32f401xc.s

TIM3_IRQHandler 00000022

Symbol: TIM3_IRQHandler
   Definitions
      At line 330 in file RTE\Device\STM32F401CCUx\startup_stm32f401xc.s
   Uses
      At line 123 in file RTE\Device\STM32F401CCUx\startup_stm32f401xc.s
      At line 273 in file RTE\Device\STM32F401CCUx\startup_stm32f401xc.s

TIM4_IRQHandler 00000022

Symbol: TIM4_IRQHandler
   Definitions
      At line 331 in file RTE\Device\STM32F401CCUx\startup_stm32f401xc.s
   Uses
      At line 124 in file RTE\Device\STM32F401CCUx\startup_stm32f401xc.s
      At line 274 in file RTE\Device\STM32F401CCUx\startup_stm32f401xc.s

TIM5_IRQHandler 00000022

Symbol: TIM5_IRQHandler
   Definitions
      At line 345 in file RTE\Device\STM32F401CCUx\startup_stm32f401xc.s
   Uses
      At line 144 in file RTE\Device\STM32F401CCUx\startup_stm32f401xc.s
      At line 288 in file RTE\Device\STM32F401CCUx\startup_stm32f401xc.s

USART1_IRQHandler 00000022

Symbol: USART1_IRQHandler
   Definitions
      At line 338 in file RTE\Device\STM32F401CCUx\startup_stm32f401xc.s
   Uses
      At line 131 in file RTE\Device\STM32F401CCUx\startup_stm32f401xc.s
      At line 281 in file RTE\Device\STM32F401CCUx\startup_stm32f401xc.s

USART2_IRQHandler 00000022

Symbol: USART2_IRQHandler
   Definitions
      At line 339 in file RTE\Device\STM32F401CCUx\startup_stm32f401xc.s
   Uses
      At line 132 in file RTE\Device\STM32F401CCUx\startup_stm32f401xc.s
      At line 282 in file RTE\Device\STM32F401CCUx\startup_stm32f401xc.s

USART6_IRQHandler 00000022

Symbol: USART6_IRQHandler
   Definitions
      At line 356 in file RTE\Device\STM32F401CCUx\startup_stm32f401xc.s
   Uses
      At line 165 in file RTE\Device\STM32F401CCUx\startup_stm32f401xc.s



ARM Macro Assembler    Page 11 Alphabetic symbol ordering
Relocatable symbols

      At line 299 in file RTE\Device\STM32F401CCUx\startup_stm32f401xc.s

UsageFault_Handler 00000018

Symbol: UsageFault_Handler
   Definitions
      At line 224 in file RTE\Device\STM32F401CCUx\startup_stm32f401xc.s
   Uses
      At line 82 in file RTE\Device\STM32F401CCUx\startup_stm32f401xc.s
      At line 225 in file RTE\Device\STM32F401CCUx\startup_stm32f401xc.s

WWDG_IRQHandler 00000022

Symbol: WWDG_IRQHandler
   Definitions
      At line 305 in file RTE\Device\STM32F401CCUx\startup_stm32f401xc.s
   Uses
      At line 94 in file RTE\Device\STM32F401CCUx\startup_stm32f401xc.s
      At line 248 in file RTE\Device\STM32F401CCUx\startup_stm32f401xc.s

__user_initial_stackheap 00000024

Symbol: __user_initial_stackheap
   Definitions
      At line 382 in file RTE\Device\STM32F401CCUx\startup_stm32f401xc.s
   Uses
      At line 380 in file RTE\Device\STM32F401CCUx\startup_stm32f401xc.s
Comment: __user_initial_stackheap used once
69 symbols



ARM Macro Assembler    Page 1 Alphabetic symbol ordering
Absolute symbols

Heap_Size 00000200

Symbol: Heap_Size
   Definitions
      At line 59 in file RTE\Device\STM32F401CCUx\startup_stm32f401xc.s
   Uses
      At line 63 in file RTE\Device\STM32F401CCUx\startup_stm32f401xc.s
      At line 386 in file RTE\Device\STM32F401CCUx\startup_stm32f401xc.s

Stack_Size 00000400

Symbol: Stack_Size
   Definitions
      At line 48 in file RTE\Device\STM32F401CCUx\startup_stm32f401xc.s
   Uses
      At line 51 in file RTE\Device\STM32F401CCUx\startup_stm32f401xc.s
      At line 385 in file RTE\Device\STM32F401CCUx\startup_stm32f401xc.s

__Vectors_Size 00000194

Symbol: __Vectors_Size
   Definitions
      At line 182 in file RTE\Device\STM32F401CCUx\startup_stm32f401xc.s
   Uses
      At line 74 in file RTE\Device\STM32F401CCUx\startup_stm32f401xc.s
Comment: __Vectors_Size used once
3 symbols



ARM Macro Assembler    Page 1 Alphabetic symbol ordering
External symbols

__use_two_region_memory 00000000

Symbol: __use_two_region_memory
   Definitions
      At line 379 in file RTE\Device\STM32F401CCUx\startup_stm32f401xc.s
   Uses
      None
Comment: __use_two_region_memory unused
main 00000000

Symbol: main
   Definitions
      At line 190 in file RTE\Device\STM32F401CCUx\startup_stm32f401xc.s
   Uses
      At line 194 in file RTE\Device\STM32F401CCUx\startup_stm32f401xc.s
      At line 210 in file RTE\Device\STM32F401CCUx\startup_stm32f401xc.s

system_init 00000000

Symbol: system_init
   Definitions
      At line 189 in file RTE\Device\STM32F401CCUx\startup_stm32f401xc.s
   Uses
      At line 192 in file RTE\Device\STM32F401CCUx\startup_stm32f401xc.s
      At line 208 in file RTE\Device\STM32F401CCUx\startup_stm32f401xc.s

3 symbols
424 symbols in table
